Observer 43.280570409982
MuhammadAli 43.134861217214
Osama 43.031983702572
LateBoomer 42.560275019099
SimpleShooter 42.412885154062
LessSimpleShooter 42.377234530176
Neo 42.373822256175
Scared 42.367812579577
Richochet 42.326254138019
Equivocator 42.283320600968
TwentyFourthsAndAHalfCentury 42.263967405144
Darwin 42.158441558442
HanSolo 42.102521008403
Coward 42.045785586962
ManipulativeBastard 41.894779730074
Sadist 41.72324929972
Aggressor 41.705831423478
CourageTheDog 41.562872421696
Grenadier 40.988897377133
Bomberman 40.884033613445
Spock 40.871250318309
Sniper 40.634581105169
DONTNUKEMEBRO 39.815075120957
PriorityTargets 39.612630506748
Hippolyta 39.247975553858
EmoCowboy 39.206926406926
Zaenille 39.197097020626
AntiGrenadier 39.191851285969
PoliticallyCorrectGunman 39.168882098294
InputAnalyzer 39.151667939903
Rule0Bot 39.100025464731
BiasedOne 39.06636108989
Pacifist 39.048077412783
StraightShooter 39.029182582124
Ninja 38.780137509549
MAD 38.254341736695
Monkey 37.708938120703
Label1Goto1 36.213139801375
Generated: 2014/08/21 20:01:13.470264860 UTC
