Standoff 0
                     Richochet (0): Sd,N
                        Sniper (2): Sc,N
                        Sadist (0): P,Td
                    LateBoomer (-3): Da,Sa
Standoff 0
                     Richochet (-5): Sb,N
                        Sniper (0): Sd,N
                        Sadist (2): P,Ta
                    LateBoomer (0): Da,Sa
Standoff 1
                     Richochet (2): Sc,N
                        Sniper (0): Sd,N
                        Sadist (0): P,Td
                    LateBoomer (-3): Db,Sb
Standoff 1
                     Richochet (2): Sd,N
                        Sniper (-5): Sc,N
                        Sadist (0): P,Tb
                    LateBoomer (0): Db,Sb
Standoff 2
                     Richochet (-3): Sd,N
                        Sniper (2): Sd,N
                        Sadist (0): P,Ta
                    LateBoomer (-2): Dc,Sc
Standoff 2
                     Richochet (0): Sc,N
                        Sniper (2): Sc,N
                        Sadist (-2): P,Td
                    LateBoomer (-3): Dc,Sa
