Standoff 0
                     Richochet (-1): Sc,N,Sb,N,Sd,N
                           Neo (1): Dd,Sa,N,Sc,N,Sa
                   Equivocator (-1): Sd,N,Sd,N,N,N
             LessSimpleShooter (-1): Sc,N,Sb,N,Sa,N
Standoff 0
                     Richochet (3): Sc,N,Sd,N,Sb,N,Sb
                           Neo (-1): Dd,Sc,N,Sd,N,Sa,N
                   Equivocator (-1): Sd,N,N,N,N,N,N
             LessSimpleShooter (-1): Sc,N,Sb,N,N,N,N
Standoff 1
                     Richochet (-1): Sb,N,N,N,N,N,N,N
                           Neo (1): Da,Sa,N,Sc,N,Sc,N,Sd
                   Equivocator (-1): Sa,N,Sd,N,Sd,N,N,N
             LessSimpleShooter (-1): Sa,N,Sc,N,Sb,N,Sb,N
Standoff 1
                     Richochet (-1): Sd,N,Sd,N,N,N,N
                           Neo (-1): Da,Sd,N,Sa,N,Sc,N
                   Equivocator (1): Sa,N,Sb,N,Sb,N,Sb
             LessSimpleShooter (-1): Sa,N,Sc,N,N,N,N
Standoff 2
                     Richochet (-3): Sb,N,Sc,N,Sb,N,Sd
                           Neo (-3): Dc,Sd,N,Sd,N,N,N
                   Equivocator (1): Sb,N,Sa,N,Sb,N,Sa
             LessSimpleShooter (-1): Sb,N,Sa,N,Sc,N,Sa
Standoff 2
                     Richochet (-1): Sd,N,Sc,N,Sd,N,Sc
                           Neo (-1): Dc,Sa,N,Sd,N,N,N
                   Equivocator (-1): Sb,N,Sb,N,Sb,N,Sa
             LessSimpleShooter (-1): Sb,N,Sc,N,Sa,N,N
