Standoff 0
                     Richochet (0): Sc,N,Sc,N
                     EmoCowboy (-2): Sb,N,N,N
                   Equivocator (-2): Sd,N,Sd,N
                   Label1Goto1 (-5): Db,P,Sa,N
Standoff 0
                     Richochet (0): Sb,N,Sd,N
                     EmoCowboy (-4): Sb,N,N,N
                   Equivocator (0): Sd,N,Sa,N
                   Label1Goto1 (-5): Da,P,Sc,N
Standoff 1
                     Richochet (-2): Sb,N,Sd,N
                     EmoCowboy (-4): Sb,N,N,N
                   Equivocator (2): Sa,N,Sd,N
                   Label1Goto1 (-5): Da,P,Sa,N
Standoff 1
                     Richochet (-2): Sb,N,Sd,N
                     EmoCowboy (-4): Sb,N,N,N
                   Equivocator (2): Sa,N,Sd,N
                   Label1Goto1 (-5): Db,P,Sa,N
Standoff 2
                     Richochet (0): Sb,N,Sc,N
                     EmoCowboy (-6): Sb,N,N,N
                   Equivocator (-2): Sb,N,Sa,N
                   Label1Goto1 (-1): Da,P,Sc,N
Standoff 2
                     Richochet (-2): Sb,N,Sd,N
                     EmoCowboy (-6): Sb,N,N,N
                   Equivocator (2): Sb,N,Sa,N
                   Label1Goto1 (-3): Da,P,Sa,N
